<?xml version="1.0" encoding="UTF-8"?>
<!-- Generated by org.testng.reporters.JUnitReportReporter -->
<testsuite hostname="DESKTOP-95QHTH0" failures="0" tests="2" name="testScript.Scenario1" time="7.913" errors="0" timestamp="2023-06-15T10:07:35 IST" skipped="0">
  <testcase classname="testScript.Scenario1" name="pageTitle" time="0.044"/>
  <system-out/>
  <testcase classname="testScript.Scenario1" name="contactPage" time="7.869"/>
  <system-out/>
</testsuite> <!-- testScript.Scenario1 -->
