<?xml version="1.0" encoding="UTF-8"?>
<!-- Generated by org.testng.reporters.JUnitReportReporter -->
<testsuite hostname="DESKTOP-95QHTH0" failures="0" tests="3" name="com.qa.testscripts.Scenario2" time="6.770" errors="0" timestamp="2023-06-15T10:10:40 IST" skipped="0">
  <testcase classname="com.qa.testscripts.Scenario2" name="pop_up_Verification" time="0.728"/>
  <system-out/>
  <testcase classname="com.qa.testscripts.Scenario2" name="flipkartLogo" time="0.310"/>
  <system-out/>
  <testcase classname="com.qa.testscripts.Scenario2" name="searchItem" time="5.732"/>
  <system-out/>
</testsuite> <!-- com.qa.testscripts.Scenario2 -->
